<?xml version="1.0" encoding="UTF-8"?>
<testsuite xmlns:xsi="http://www.w3.org/2001/XMLSchema-instance" xsi:noNamespaceSchemaLocation="https://maven.apache.org/surefire/maven-surefire-plugin/xsd/surefire-test-report-3.0.xsd" version="3.0" name="com.medicinemis.MedicinemisTextApplicationTests" time="6.263" tests="2" errors="0" skipped="0" failures="0">
  <properties>
[...]
</properties>
  <testcase name="text" classname="com.medicinemis.MedicinemisTextApplicationTests" time="1.263">
    <system-out><![CDATA[12:01:44.932 [main] INFO org.springframework.test.context.support.AnnotationConfigContextLoaderUtils -- Could not detect default configuration classes for test class [com.medicinemis.MedicinemisTextApplicationTests]: MedicinemisTextApplicationTests does not declare any static, non-private, non-final, nested classes annotated with @Configuration.
12:01:45.203 [main] INFO org.springframework.boot.test.context.SpringBootTestContextBootstrapper -- Found @SpringBootConfiguration com.medicinemis.MedicinemisTextApplication for test class com.medicinemis.MedicinemisTextApplicationTests

  .   ____          _            __ _ _
 /\\ / ___'_ __ _ _(_)_ __  __ _ \ \ \ \
( ( )\___ | '_ | '_| | '_ \/ _` | \ \ \ \
 \\/  ___)| |_)| | | | | || (_| |  ) ) ) )
  '  |____| .__|_| |_|_| |_\__, | / / / /
 =========|_|==============|___/=/_/_/_/
 :: Spring Boot ::                (v3.1.4)

2023-11-23T12:01:46.147+08:00  INFO 13864 --- [           main] c.m.MedicinemisTextApplicationTests      : Starting MedicinemisTextApplicationTests using Java 17.0.8 with PID 13864 (started by zyjfe in D:\Desktop\数据库\medicinemis-text(5)\medicinemis-text)
2023-11-23T12:01:46.151+08:00  INFO 13864 --- [           main] c.m.MedicinemisTextApplicationTests      : No active profile set, falling back to 1 default profile: "default"
Logging initialized using 'class org.apache.ibatis.logging.stdout.StdOutImpl' adapter.


,------.                           ,--.  ,--.         ,--.                         
|  .--. '  ,--,--.  ,---.   ,---.  |  '--'  |  ,---.  |  |  ,---.   ,---.  ,--.--. 
|  '--' | ' ,-.  | | .-. | | .-. : |  .--.  | | .-. : |  | | .-. | | .-. : |  .--' 
|  | --'  \ '-'  | ' '-' ' \   --. |  |  |  | \   --. |  | | '-' ' \   --. |  |    
`--'       `--`--' .`-  /   `----' `--'  `--'  `----' `--' |  |-'   `----' `--'    
                   `---'                                   `--'                        is intercepting.

2023-11-23T12:01:49.519+08:00  INFO 13864 --- [           main] c.m.MedicinemisTextApplicationTests      : Started MedicinemisTextApplicationTests in 4.042 seconds (process running for 6.016)
text
]]></system-out>
  </testcase>
  <testcase name="contextLoads" classname="com.medicinemis.MedicinemisTextApplicationTests" time="0.006"/>
</testsuite>